2024-06-04T17:45:15  refactor: tidy internals
2024-07-18T12:02:22  fix: handle empty input gracefully
2024-07-21T19:19:29  perf: micro-optimization
2024-08-18T14:36:36  style: formatting
2024-09-14T09:53:43  chore: bump dev tooling
2024-10-12T16:10:50  docs: expand examples
2024-11-08T11:27:57  test: strengthen coverage
2024-12-06T18:44:04  chore: tune defaults
2025-01-02T13:01:11  refactor: simplify helper
2025-01-23T08:18:18  chore: routine maintenance
2025-02-19T15:35:25  docs: clarify usage notes
2025-03-19T10:52:32  test: add edge case
2025-03-22T17:09:39  refactor: tidy internals
2025-04-19T12:26:46  fix: handle empty input gracefully
2025-05-16T19:43:53  perf: micro-optimization
2025-06-13T14:00:00  style: formatting
2025-07-10T09:17:07  chore: bump dev tooling
2025-08-06T16:34:14  docs: expand examples
2025-08-27T11:51:21  test: strengthen coverage
2025-09-23T18:08:28  chore: tune defaults
2025-10-21T13:25:35  refactor: simplify helper
2025-11-17T08:42:42  chore: routine maintenance
2025-11-21T15:59:49  docs: clarify usage notes
2025-12-18T10:16:56  test: add edge case
2026-01-15T17:33:03  refactor: tidy internals
2026-02-11T12:50:10  fix: handle empty input gracefully
2026-03-04T19:07:17  perf: micro-optimization
2026-03-31T14:24:24  style: formatting
2026-04-28T09:41:31  chore: bump dev tooling
2026-05-25T16:58:38  docs: expand examples
2024-07-22T17:45:15  chore: ATHENA-PRIME calibration
2024-11-30T12:02:22  feat: PROMETHEUS unbound
2024-12-28T19:19:29  chore: BLACKBOOK redaction pass
2025-04-22T14:36:36  refactor: I have altered the code. pray I don't alter it further
2025-08-15T09:53:43  feat: do or do not, there is no try/except
2025-12-08T16:10:50  perf: speed. I am speed.
2026-01-05T11:27:57  fix: the cake is a lie, but the bug was real
